0 info it worked if it ends with ok
1 verbose cli [ '/usr/bin/node', '/usr/bin/npm', 'install', '-g', 'cordiva' ]
2 info using npm@1.4.28
3 info using node@v0.10.40
4 verbose node symlink /usr/bin/node
5 verbose cache add [ 'cordiva', null ]
6 verbose cache add name=undefined spec="cordiva" args=["cordiva",null]
7 verbose parsed url { protocol: null,
7 verbose parsed url   slashes: null,
7 verbose parsed url   auth: null,
7 verbose parsed url   host: null,
7 verbose parsed url   port: null,
7 verbose parsed url   hostname: null,
7 verbose parsed url   hash: null,
7 verbose parsed url   search: null,
7 verbose parsed url   query: null,
7 verbose parsed url   pathname: 'cordiva',
7 verbose parsed url   path: 'cordiva',
7 verbose parsed url   href: 'cordiva' }
8 silly lockFile 2fbbb272-cordiva cordiva
9 verbose lock cordiva /home/mbuki/.npm/2fbbb272-cordiva.lock
10 silly lockFile 2fbbb272-cordiva cordiva
11 silly lockFile 2fbbb272-cordiva cordiva
12 verbose addNamed [ 'cordiva', '' ]
13 verbose addNamed [ null, '*' ]
14 silly lockFile b1c512f4-cordiva cordiva@
15 verbose lock cordiva@ /home/mbuki/.npm/b1c512f4-cordiva.lock
16 silly addNameRange { name: 'cordiva', range: '*', hasData: false }
17 verbose request where is /cordiva
18 verbose request registry https://registry.npmjs.org/
19 verbose request id 05b32f9912f3c9b3
20 verbose url raw /cordiva
21 verbose url resolving [ 'https://registry.npmjs.org/', './cordiva' ]
22 verbose url resolved https://registry.npmjs.org/cordiva
23 verbose request where is https://registry.npmjs.org/cordiva
24 info trying registry request attempt 1 at 09:14:30
25 http GET https://registry.npmjs.org/cordiva
26 http 404 https://registry.npmjs.org/cordiva
27 verbose headers { server: 'CouchDB/1.5.0 (Erlang OTP/R16B03)',
27 verbose headers   'content-type': 'application/json',
27 verbose headers   'cache-control': 'max-age=0',
27 verbose headers   'content-length': '51',
27 verbose headers   'accept-ranges': 'bytes',
27 verbose headers   date: 'Fri, 31 Jul 2015 06:14:36 GMT',
27 verbose headers   via: '1.1 varnish',
27 verbose headers   age: '0',
27 verbose headers   connection: 'keep-alive',
27 verbose headers   'x-served-by': 'cache-ams4134-AMS',
27 verbose headers   'x-cache': 'MISS',
27 verbose headers   'x-cache-hits': '0',
27 verbose headers   'x-timer': 'S1438323276.356392,VS0,VE381' }
28 silly registry.get cb [ 404,
28 silly registry.get   { server: 'CouchDB/1.5.0 (Erlang OTP/R16B03)',
28 silly registry.get     'content-type': 'application/json',
28 silly registry.get     'cache-control': 'max-age=0',
28 silly registry.get     'content-length': '51',
28 silly registry.get     'accept-ranges': 'bytes',
28 silly registry.get     date: 'Fri, 31 Jul 2015 06:14:36 GMT',
28 silly registry.get     via: '1.1 varnish',
28 silly registry.get     age: '0',
28 silly registry.get     connection: 'keep-alive',
28 silly registry.get     'x-served-by': 'cache-ams4134-AMS',
28 silly registry.get     'x-cache': 'MISS',
28 silly registry.get     'x-cache-hits': '0',
28 silly registry.get     'x-timer': 'S1438323276.356392,VS0,VE381' } ]
29 silly lockFile b1c512f4-cordiva cordiva@
30 silly lockFile b1c512f4-cordiva cordiva@
31 error 404 404 Not Found: cordiva
31 error 404
31 error 404 'cordiva' is not in the npm registry.
31 error 404 You should bug the author to publish it
31 error 404
31 error 404 Note that you can also install from a
31 error 404 tarball, folder, or http url, or git url.
32 error System Linux 3.16.0-43-generic
33 error command "/usr/bin/node" "/usr/bin/npm" "install" "-g" "cordiva"
34 error cwd /home/mbuki/Code/kenmbuki.github.io.ngbook
35 error node -v v0.10.40
36 error npm -v 1.4.28
37 error code E404
38 verbose exit [ 1, true ]
